<?xml version="1.0" encoding="UTF-8"?>
<!-- Generated by org.testng.reporters.JUnitReportReporter -->
<testsuite hostname="PENNANT-VSP211" failures="0" tests="4" name="TestService.TestReferenceDocumentServiceImpl" time="0.068" errors="0" timestamp="2023-07-01T17:18:07 IST" skipped="0">
  <testcase classname="TestService.TestReferenceDocumentServiceImpl" name="testAddReferenceDocument" time="0.060"/>
  <testcase classname="TestService.TestReferenceDocumentServiceImpl" name="testGetAllDocuments" time="0.002"/>
  <testcase classname="TestService.TestReferenceDocumentServiceImpl" name="testDeleteReferenceDocument" time="0.003"/>
  <testcase classname="TestService.TestReferenceDocumentServiceImpl" name="testGetReferenceDocumentById" time="0.003"/>
</testsuite> <!-- TestService.TestReferenceDocumentServiceImpl -->
